{"C:\\Users\\Asus\\Desktop\\FileGItINGSW\\progetto-swe-team-10\\server.js": {"path":"C:\\Users\\Asus\\Desktop\\FileGItINGSW\\progetto-swe-team-10\\server.js","statementMap":{"0":{"start":{"line":2,"column":15},"end":{"line":2,"column":70}},"1":{"start":{"line":4,"column":16},"end":{"line":4,"column":34}},"2":{"start":{"line":5,"column":12},"end":{"line":5,"column":21}},"3":{"start":{"line":6,"column":13},"end":{"line":6,"column":28}},"4":{"start":{"line":9,"column":13},"end":{"line":9,"column":28}},"5":{"start":{"line":11,"column":75},"end":{"line":11,"column":100}},"6":{"start":{"line":13,"column":16},"end":{"line":13,"column":46}},"7":{"start":{"line":15,"column":17},"end":{"line":15,"column":38}},"8":{"start":{"line":17,"column":18},"end":{"line":17,"column":42}},"9":{"start":{"line":19,"column":17},"end":{"line":19,"column":50}},"10":{"start":{"line":21,"column":21},"end":{"line":21,"column":61}},"11":{"start":{"line":23,"column":13},"end":{"line":23,"column":28}},"12":{"start":{"line":25,"column":15},"end":{"line":25,"column":35}},"13":{"start":{"line":26,"column":11},"end":{"line":26,"column":70}},"14":{"start":{"line":28,"column":17},"end":{"line":28,"column":38}},"15":{"start":{"line":29,"column":18},"end":{"line":29,"column":124}},"16":{"start":{"line":32,"column":13},"end":{"line":32,"column":15}},"17":{"start":{"line":34,"column":0},"end":{"line":34,"column":46}},"18":{"start":{"line":35,"column":0},"end":{"line":35,"column":16}},"19":{"start":{"line":38,"column":16},"end":{"line":38,"column":40}},"20":{"start":{"line":40,"column":8},"end":{"line":45,"column":2}},"21":{"start":{"line":49,"column":22},"end":{"line":49,"column":45}},"22":{"start":{"line":50,"column":15},"end":{"line":50,"column":37}},"23":{"start":{"line":52,"column":25},"end":{"line":52,"column":69}},"24":{"start":{"line":53,"column":18},"end":{"line":53,"column":43}},"25":{"start":{"line":55,"column":0},"end":{"line":55,"column":24}},"26":{"start":{"line":60,"column":20},"end":{"line":66,"column":3}},"27":{"start":{"line":68,"column":2},"end":{"line":73,"column":5}},"28":{"start":{"line":69,"column":4},"end":{"line":71,"column":5}},"29":{"start":{"line":70,"column":6},"end":{"line":70,"column":49}},"30":{"start":{"line":72,"column":4},"end":{"line":72,"column":50}},"31":{"start":{"line":78,"column":16},"end":{"line":78,"column":47}},"32":{"start":{"line":79,"column":2},"end":{"line":79,"column":20}},"33":{"start":{"line":84,"column":15},"end":{"line":84,"column":17}},"34":{"start":{"line":85,"column":2},"end":{"line":90,"column":3}},"35":{"start":{"line":86,"column":4},"end":{"line":86,"column":45}},"36":{"start":{"line":89,"column":4},"end":{"line":89,"column":46}},"37":{"start":{"line":91,"column":2},"end":{"line":91,"column":30}},"38":{"start":{"line":96,"column":14},"end":{"line":96,"column":16}},"39":{"start":{"line":97,"column":2},"end":{"line":102,"column":3}},"40":{"start":{"line":98,"column":4},"end":{"line":98,"column":47}},"41":{"start":{"line":101,"column":4},"end":{"line":101,"column":43}},"42":{"start":{"line":104,"column":2},"end":{"line":104,"column":89}},"43":{"start":{"line":109,"column":13},"end":{"line":109,"column":14}},"44":{"start":{"line":110,"column":13},"end":{"line":110,"column":14}},"45":{"start":{"line":111,"column":2},"end":{"line":114,"column":3}},"46":{"start":{"line":112,"column":4},"end":{"line":112,"column":21}},"47":{"start":{"line":113,"column":4},"end":{"line":113,"column":21}},"48":{"start":{"line":115,"column":15},"end":{"line":115,"column":40}},"49":{"start":{"line":116,"column":15},"end":{"line":116,"column":40}},"50":{"start":{"line":118,"column":2},"end":{"line":118,"column":26}},"51":{"start":{"line":123,"column":19},"end":{"line":123,"column":33}},"52":{"start":{"line":124,"column":2},"end":{"line":156,"column":3}},"53":{"start":{"line":126,"column":22},"end":{"line":126,"column":42}},"54":{"start":{"line":127,"column":21},"end":{"line":127,"column":41}},"55":{"start":{"line":128,"column":16},"end":{"line":128,"column":48}},"56":{"start":{"line":129,"column":19},"end":{"line":129,"column":46}},"57":{"start":{"line":132,"column":15},"end":{"line":132,"column":45}},"58":{"start":{"line":133,"column":22},"end":{"line":133,"column":53}},"59":{"start":{"line":136,"column":4},"end":{"line":143,"column":7}},"60":{"start":{"line":148,"column":4},"end":{"line":155,"column":7}},"61":{"start":{"line":157,"column":2},"end":{"line":157,"column":22}},"62":{"start":{"line":162,"column":14},"end":{"line":162,"column":16}},"63":{"start":{"line":163,"column":16},"end":{"line":163,"column":18}},"64":{"start":{"line":164,"column":2},"end":{"line":179,"column":3}},"65":{"start":{"line":165,"column":4},"end":{"line":165,"column":42}},"66":{"start":{"line":167,"column":4},"end":{"line":169,"column":5}},"67":{"start":{"line":168,"column":6},"end":{"line":168,"column":28}},"68":{"start":{"line":171,"column":4},"end":{"line":175,"column":7}},"69":{"start":{"line":178,"column":4},"end":{"line":178,"column":45}},"70":{"start":{"line":184,"column":12},"end":{"line":184,"column":32}},"71":{"start":{"line":186,"column":2},"end":{"line":201,"column":5}},"72":{"start":{"line":187,"column":4},"end":{"line":197,"column":6}},"73":{"start":{"line":188,"column":6},"end":{"line":190,"column":7}},"74":{"start":{"line":189,"column":8},"end":{"line":189,"column":15}},"75":{"start":{"line":192,"column":6},"end":{"line":196,"column":7}},"76":{"start":{"line":193,"column":8},"end":{"line":193,"column":46}},"77":{"start":{"line":195,"column":8},"end":{"line":195,"column":38}},"78":{"start":{"line":199,"column":4},"end":{"line":199,"column":92}},"79":{"start":{"line":200,"column":4},"end":{"line":200,"column":15}},"80":{"start":{"line":206,"column":0},"end":{"line":285,"column":3}},"81":{"start":{"line":207,"column":15},"end":{"line":207,"column":17}},"82":{"start":{"line":209,"column":2},"end":{"line":218,"column":3}},"83":{"start":{"line":210,"column":4},"end":{"line":210,"column":61}},"84":{"start":{"line":211,"column":4},"end":{"line":214,"column":5}},"85":{"start":{"line":212,"column":6},"end":{"line":212,"column":57}},"86":{"start":{"line":213,"column":6},"end":{"line":213,"column":13}},"87":{"start":{"line":217,"column":4},"end":{"line":217,"column":54}},"88":{"start":{"line":220,"column":16},"end":{"line":220,"column":75}},"89":{"start":{"line":222,"column":2},"end":{"line":227,"column":3}},"90":{"start":{"line":223,"column":4},"end":{"line":223,"column":16}},"91":{"start":{"line":225,"column":7},"end":{"line":227,"column":3}},"92":{"start":{"line":226,"column":4},"end":{"line":226,"column":18}},"93":{"start":{"line":229,"column":19},"end":{"line":229,"column":21}},"94":{"start":{"line":231,"column":2},"end":{"line":240,"column":3}},"95":{"start":{"line":232,"column":4},"end":{"line":232,"column":150}},"96":{"start":{"line":233,"column":4},"end":{"line":236,"column":5}},"97":{"start":{"line":234,"column":6},"end":{"line":234,"column":63}},"98":{"start":{"line":235,"column":6},"end":{"line":235,"column":13}},"99":{"start":{"line":239,"column":4},"end":{"line":239,"column":32}},"100":{"start":{"line":242,"column":14},"end":{"line":242,"column":16}},"101":{"start":{"line":243,"column":17},"end":{"line":243,"column":33}},"102":{"start":{"line":244,"column":12},"end":{"line":244,"column":16}},"103":{"start":{"line":246,"column":2},"end":{"line":283,"column":3}},"104":{"start":{"line":248,"column":4},"end":{"line":248,"column":15}},"105":{"start":{"line":249,"column":4},"end":{"line":282,"column":5}},"106":{"start":{"line":251,"column":6},"end":{"line":253,"column":7}},"107":{"start":{"line":252,"column":8},"end":{"line":252,"column":52}},"108":{"start":{"line":255,"column":6},"end":{"line":259,"column":8}},"109":{"start":{"line":262,"column":26},"end":{"line":262,"column":65}},"110":{"start":{"line":264,"column":26},"end":{"line":264,"column":68}},"111":{"start":{"line":264,"column":39},"end":{"line":264,"column":68}},"112":{"start":{"line":265,"column":6},"end":{"line":278,"column":7}},"113":{"start":{"line":266,"column":8},"end":{"line":269,"column":10}},"114":{"start":{"line":273,"column":8},"end":{"line":277,"column":9}},"115":{"start":{"line":274,"column":10},"end":{"line":276,"column":11}},"116":{"start":{"line":275,"column":12},"end":{"line":275,"column":40}},"117":{"start":{"line":281,"column":6},"end":{"line":281,"column":44}},"118":{"start":{"line":284,"column":2},"end":{"line":284,"column":60}},"119":{"start":{"line":288,"column":0},"end":{"line":325,"column":2}},"120":{"start":{"line":289,"column":2},"end":{"line":324,"column":3}},"121":{"start":{"line":291,"column":16},"end":{"line":291,"column":43}},"122":{"start":{"line":293,"column":17},"end":{"line":293,"column":88}},"123":{"start":{"line":294,"column":17},"end":{"line":294,"column":51}},"124":{"start":{"line":296,"column":4},"end":{"line":320,"column":6}},"125":{"start":{"line":298,"column":6},"end":{"line":301,"column":7}},"126":{"start":{"line":299,"column":8},"end":{"line":299,"column":52}},"127":{"start":{"line":300,"column":8},"end":{"line":300,"column":15}},"128":{"start":{"line":303,"column":6},"end":{"line":317,"column":7}},"129":{"start":{"line":304,"column":8},"end":{"line":314,"column":9}},"130":{"start":{"line":305,"column":10},"end":{"line":305,"column":47}},"131":{"start":{"line":306,"column":10},"end":{"line":306,"column":90}},"132":{"start":{"line":307,"column":10},"end":{"line":307,"column":90}},"133":{"start":{"line":310,"column":25},"end":{"line":310,"column":85}},"134":{"start":{"line":311,"column":10},"end":{"line":311,"column":47}},"135":{"start":{"line":312,"column":10},"end":{"line":312,"column":81}},"136":{"start":{"line":313,"column":10},"end":{"line":313,"column":81}},"137":{"start":{"line":315,"column":8},"end":{"line":315,"column":36}},"138":{"start":{"line":316,"column":8},"end":{"line":316,"column":36}},"139":{"start":{"line":318,"column":6},"end":{"line":318,"column":42}},"140":{"start":{"line":319,"column":6},"end":{"line":319,"column":34}},"141":{"start":{"line":323,"column":4},"end":{"line":323,"column":34}},"142":{"start":{"line":328,"column":0},"end":{"line":463,"column":3}},"143":{"start":{"line":329,"column":14},"end":{"line":329,"column":16}},"144":{"start":{"line":331,"column":16},"end":{"line":331,"column":75}},"145":{"start":{"line":333,"column":2},"end":{"line":338,"column":3}},"146":{"start":{"line":334,"column":4},"end":{"line":334,"column":17}},"147":{"start":{"line":336,"column":7},"end":{"line":338,"column":3}},"148":{"start":{"line":337,"column":4},"end":{"line":337,"column":18}},"149":{"start":{"line":340,"column":14},"end":{"line":340,"column":29}},"150":{"start":{"line":341,"column":19},"end":{"line":341,"column":91}},"151":{"start":{"line":343,"column":2},"end":{"line":346,"column":3}},"152":{"start":{"line":344,"column":4},"end":{"line":344,"column":69}},"153":{"start":{"line":345,"column":4},"end":{"line":345,"column":11}},"154":{"start":{"line":348,"column":17},"end":{"line":348,"column":79}},"155":{"start":{"line":349,"column":19},"end":{"line":349,"column":81}},"156":{"start":{"line":352,"column":2},"end":{"line":357,"column":3}},"157":{"start":{"line":353,"column":4},"end":{"line":353,"column":47}},"158":{"start":{"line":355,"column":7},"end":{"line":357,"column":3}},"159":{"start":{"line":356,"column":4},"end":{"line":356,"column":47}},"160":{"start":{"line":359,"column":2},"end":{"line":362,"column":3}},"161":{"start":{"line":360,"column":4},"end":{"line":361,"column":36}},"162":{"start":{"line":361,"column":6},"end":{"line":361,"column":36}},"163":{"start":{"line":364,"column":2},"end":{"line":365,"column":44}},"164":{"start":{"line":365,"column":4},"end":{"line":365,"column":44}},"165":{"start":{"line":367,"column":2},"end":{"line":368,"column":34}},"166":{"start":{"line":368,"column":4},"end":{"line":368,"column":34}},"167":{"start":{"line":371,"column":20},"end":{"line":371,"column":39}},"168":{"start":{"line":373,"column":2},"end":{"line":391,"column":3}},"169":{"start":{"line":375,"column":4},"end":{"line":375,"column":121}},"170":{"start":{"line":377,"column":4},"end":{"line":380,"column":5}},"171":{"start":{"line":378,"column":6},"end":{"line":378,"column":50}},"172":{"start":{"line":379,"column":6},"end":{"line":379,"column":13}},"173":{"start":{"line":382,"column":4},"end":{"line":385,"column":5}},"174":{"start":{"line":383,"column":6},"end":{"line":383,"column":50}},"175":{"start":{"line":384,"column":6},"end":{"line":384,"column":13}},"176":{"start":{"line":389,"column":4},"end":{"line":389,"column":32}},"177":{"start":{"line":390,"column":4},"end":{"line":390,"column":11}},"178":{"start":{"line":394,"column":18},"end":{"line":394,"column":38}},"179":{"start":{"line":395,"column":2},"end":{"line":462,"column":3}},"180":{"start":{"line":397,"column":17},"end":{"line":397,"column":33}},"181":{"start":{"line":399,"column":27},"end":{"line":399,"column":31}},"182":{"start":{"line":400,"column":14},"end":{"line":400,"column":18}},"183":{"start":{"line":401,"column":17},"end":{"line":401,"column":31}},"184":{"start":{"line":402,"column":19},"end":{"line":402,"column":23}},"185":{"start":{"line":403,"column":19},"end":{"line":403,"column":20}},"186":{"start":{"line":404,"column":17},"end":{"line":404,"column":18}},"187":{"start":{"line":405,"column":17},"end":{"line":405,"column":18}},"188":{"start":{"line":407,"column":4},"end":{"line":444,"column":5}},"189":{"start":{"line":408,"column":6},"end":{"line":440,"column":7}},"190":{"start":{"line":410,"column":8},"end":{"line":410,"column":19}},"191":{"start":{"line":411,"column":8},"end":{"line":439,"column":9}},"192":{"start":{"line":413,"column":10},"end":{"line":416,"column":11}},"193":{"start":{"line":415,"column":12},"end":{"line":415,"column":63}},"194":{"start":{"line":418,"column":10},"end":{"line":425,"column":11}},"195":{"start":{"line":420,"column":12},"end":{"line":420,"column":76}},"196":{"start":{"line":421,"column":12},"end":{"line":421,"column":67}},"197":{"start":{"line":422,"column":12},"end":{"line":422,"column":66}},"198":{"start":{"line":423,"column":12},"end":{"line":423,"column":64}},"199":{"start":{"line":424,"column":12},"end":{"line":424,"column":64}},"200":{"start":{"line":426,"column":10},"end":{"line":433,"column":12}},"201":{"start":{"line":437,"column":10},"end":{"line":437,"column":19}},"202":{"start":{"line":438,"column":10},"end":{"line":438,"column":47}},"203":{"start":{"line":443,"column":6},"end":{"line":443,"column":45}},"204":{"start":{"line":447,"column":4},"end":{"line":447,"column":34}},"205":{"start":{"line":448,"column":4},"end":{"line":453,"column":5}},"206":{"start":{"line":449,"column":6},"end":{"line":449,"column":22}},"207":{"start":{"line":450,"column":6},"end":{"line":450,"column":22}},"208":{"start":{"line":451,"column":6},"end":{"line":451,"column":20}},"209":{"start":{"line":452,"column":6},"end":{"line":452,"column":20}},"210":{"start":{"line":455,"column":19},"end":{"line":455,"column":99}},"211":{"start":{"line":456,"column":15},"end":{"line":456,"column":26}},"212":{"start":{"line":457,"column":14},"end":{"line":457,"column":71}},"213":{"start":{"line":458,"column":4},"end":{"line":458,"column":30}},"214":{"start":{"line":461,"column":4},"end":{"line":461,"column":38}},"215":{"start":{"line":467,"column":0},"end":{"line":469,"column":2}},"216":{"start":{"line":468,"column":2},"end":{"line":468,"column":106}},"217":{"start":{"line":468,"column":8},"end":{"line":468,"column":23}},"218":{"start":{"line":468,"column":24},"end":{"line":468,"column":54}},"219":{"start":{"line":468,"column":65},"end":{"line":468,"column":104}},"220":{"start":{"line":472,"column":0},"end":{"line":602,"column":3}},"221":{"start":{"line":474,"column":2},"end":{"line":479,"column":3}},"222":{"start":{"line":475,"column":4},"end":{"line":475,"column":18}},"223":{"start":{"line":478,"column":4},"end":{"line":478,"column":49}},"224":{"start":{"line":481,"column":2},"end":{"line":593,"column":3}},"225":{"start":{"line":485,"column":4},"end":{"line":495,"column":7}},"226":{"start":{"line":498,"column":4},"end":{"line":498,"column":91}},"227":{"start":{"line":502,"column":4},"end":{"line":506,"column":6}},"228":{"start":{"line":505,"column":13},"end":{"line":505,"column":50}},"229":{"start":{"line":508,"column":4},"end":{"line":512,"column":6}},"230":{"start":{"line":511,"column":12},"end":{"line":511,"column":54}},"231":{"start":{"line":514,"column":4},"end":{"line":518,"column":6}},"232":{"start":{"line":517,"column":12},"end":{"line":517,"column":59}},"233":{"start":{"line":520,"column":26},"end":{"line":520,"column":28}},"234":{"start":{"line":521,"column":4},"end":{"line":585,"column":6}},"235":{"start":{"line":526,"column":8},"end":{"line":526,"column":42}},"236":{"start":{"line":528,"column":8},"end":{"line":583,"column":9}},"237":{"start":{"line":530,"column":23},"end":{"line":530,"column":50}},"238":{"start":{"line":531,"column":25},"end":{"line":531,"column":50}},"239":{"start":{"line":532,"column":28},"end":{"line":532,"column":30}},"240":{"start":{"line":533,"column":10},"end":{"line":533,"column":81}},"241":{"start":{"line":533,"column":61},"end":{"line":533,"column":79}},"242":{"start":{"line":536,"column":10},"end":{"line":582,"column":11}},"243":{"start":{"line":537,"column":23},"end":{"line":542,"column":71}},"244":{"start":{"line":544,"column":12},"end":{"line":544,"column":90}},"245":{"start":{"line":547,"column":12},"end":{"line":554,"column":15}},"246":{"start":{"line":555,"column":12},"end":{"line":555,"column":48}},"247":{"start":{"line":557,"column":12},"end":{"line":581,"column":13}},"248":{"start":{"line":558,"column":28},"end":{"line":558,"column":33}},"249":{"start":{"line":559,"column":14},"end":{"line":567,"column":15}},"250":{"start":{"line":559,"column":27},"end":{"line":559,"column":28}},"251":{"start":{"line":561,"column":16},"end":{"line":566,"column":17}},"252":{"start":{"line":563,"column":18},"end":{"line":563,"column":33}},"253":{"start":{"line":565,"column":18},"end":{"line":565,"column":47}},"254":{"start":{"line":568,"column":14},"end":{"line":580,"column":15}},"255":{"start":{"line":570,"column":28},"end":{"line":570,"column":107}},"256":{"start":{"line":572,"column":16},"end":{"line":576,"column":17}},"257":{"start":{"line":573,"column":18},"end":{"line":575,"column":88}},"258":{"start":{"line":577,"column":16},"end":{"line":577,"column":89}},"259":{"start":{"line":578,"column":16},"end":{"line":578,"column":95}},"260":{"start":{"line":579,"column":16},"end":{"line":579,"column":37}},"261":{"start":{"line":588,"column":4},"end":{"line":588,"column":32}},"262":{"start":{"line":591,"column":4},"end":{"line":591,"column":40}},"263":{"start":{"line":592,"column":4},"end":{"line":592,"column":28}},"264":{"start":{"line":595,"column":17},"end":{"line":595,"column":55}},"265":{"start":{"line":596,"column":2},"end":{"line":596,"column":25}},"266":{"start":{"line":598,"column":2},"end":{"line":600,"column":5}},"267":{"start":{"line":599,"column":4},"end":{"line":599,"column":34}},"268":{"start":{"line":605,"column":0},"end":{"line":670,"column":2}},"269":{"start":{"line":606,"column":19},"end":{"line":606,"column":21}},"270":{"start":{"line":607,"column":2},"end":{"line":647,"column":3}},"271":{"start":{"line":608,"column":16},"end":{"line":608,"column":34}},"272":{"start":{"line":611,"column":4},"end":{"line":616,"column":5}},"273":{"start":{"line":612,"column":6},"end":{"line":612,"column":52}},"274":{"start":{"line":615,"column":6},"end":{"line":615,"column":26}},"275":{"start":{"line":619,"column":4},"end":{"line":619,"column":177}},"276":{"start":{"line":620,"column":16},"end":{"line":620,"column":18}},"277":{"start":{"line":621,"column":21},"end":{"line":621,"column":23}},"278":{"start":{"line":622,"column":4},"end":{"line":641,"column":5}},"279":{"start":{"line":623,"column":6},"end":{"line":640,"column":7}},"280":{"start":{"line":624,"column":8},"end":{"line":636,"column":9}},"281":{"start":{"line":625,"column":10},"end":{"line":635,"column":11}},"282":{"start":{"line":626,"column":12},"end":{"line":634,"column":13}},"283":{"start":{"line":627,"column":14},"end":{"line":627,"column":36}},"284":{"start":{"line":628,"column":14},"end":{"line":633,"column":17}},"285":{"start":{"line":639,"column":8},"end":{"line":639,"column":46}},"286":{"start":{"line":644,"column":4},"end":{"line":644,"column":37}},"287":{"start":{"line":645,"column":4},"end":{"line":645,"column":35}},"288":{"start":{"line":646,"column":4},"end":{"line":646,"column":11}},"289":{"start":{"line":650,"column":13},"end":{"line":650,"column":15}},"290":{"start":{"line":651,"column":2},"end":{"line":667,"column":3}},"291":{"start":{"line":653,"column":19},"end":{"line":653,"column":68}},"292":{"start":{"line":654,"column":4},"end":{"line":654,"column":75}},"293":{"start":{"line":656,"column":4},"end":{"line":663,"column":5}},"294":{"start":{"line":658,"column":21},"end":{"line":658,"column":96}},"295":{"start":{"line":660,"column":6},"end":{"line":662,"column":7}},"296":{"start":{"line":660,"column":19},"end":{"line":660,"column":20}},"297":{"start":{"line":661,"column":8},"end":{"line":661,"column":49}},"298":{"start":{"line":669,"column":2},"end":{"line":669,"column":30}},"299":{"start":{"line":673,"column":0},"end":{"line":772,"column":2}},"300":{"start":{"line":674,"column":22},"end":{"line":674,"column":24}},"301":{"start":{"line":675,"column":21},"end":{"line":675,"column":23}},"302":{"start":{"line":676,"column":15},"end":{"line":676,"column":17}},"303":{"start":{"line":677,"column":15},"end":{"line":677,"column":17}},"304":{"start":{"line":679,"column":17},"end":{"line":679,"column":82}},"305":{"start":{"line":681,"column":2},"end":{"line":768,"column":3}},"306":{"start":{"line":682,"column":16},"end":{"line":682,"column":38}},"307":{"start":{"line":685,"column":4},"end":{"line":687,"column":5}},"308":{"start":{"line":686,"column":6},"end":{"line":686,"column":50}},"309":{"start":{"line":689,"column":4},"end":{"line":689,"column":158}},"310":{"start":{"line":691,"column":20},"end":{"line":691,"column":72}},"311":{"start":{"line":692,"column":19},"end":{"line":692,"column":21}},"312":{"start":{"line":693,"column":4},"end":{"line":696,"column":5}},"313":{"start":{"line":694,"column":6},"end":{"line":694,"column":50}},"314":{"start":{"line":695,"column":6},"end":{"line":695,"column":13}},"315":{"start":{"line":698,"column":4},"end":{"line":701,"column":7}},"316":{"start":{"line":704,"column":4},"end":{"line":704,"column":158}},"317":{"start":{"line":706,"column":4},"end":{"line":709,"column":5}},"318":{"start":{"line":707,"column":6},"end":{"line":707,"column":37}},"319":{"start":{"line":708,"column":6},"end":{"line":708,"column":13}},"320":{"start":{"line":711,"column":23},"end":{"line":711,"column":43}},"321":{"start":{"line":712,"column":4},"end":{"line":716,"column":5}},"322":{"start":{"line":713,"column":6},"end":{"line":715,"column":7}},"323":{"start":{"line":714,"column":8},"end":{"line":714,"column":138}},"324":{"start":{"line":719,"column":4},"end":{"line":719,"column":147}},"325":{"start":{"line":721,"column":4},"end":{"line":724,"column":5}},"326":{"start":{"line":722,"column":6},"end":{"line":722,"column":37}},"327":{"start":{"line":723,"column":6},"end":{"line":723,"column":13}},"328":{"start":{"line":726,"column":4},"end":{"line":755,"column":5}},"329":{"start":{"line":727,"column":17},"end":{"line":727,"column":115}},"330":{"start":{"line":728,"column":27},"end":{"line":728,"column":55}},"331":{"start":{"line":728,"column":40},"end":{"line":728,"column":55}},"332":{"start":{"line":729,"column":23},"end":{"line":729,"column":62}},"333":{"start":{"line":729,"column":36},"end":{"line":729,"column":62}},"334":{"start":{"line":731,"column":6},"end":{"line":754,"column":7}},"335":{"start":{"line":732,"column":8},"end":{"line":742,"column":9}},"336":{"start":{"line":733,"column":10},"end":{"line":738,"column":11}},"337":{"start":{"line":734,"column":12},"end":{"line":737,"column":14}},"338":{"start":{"line":741,"column":10},"end":{"line":741,"column":46}},"339":{"start":{"line":743,"column":27},"end":{"line":743,"column":86}},"340":{"start":{"line":743,"column":59},"end":{"line":743,"column":85}},"341":{"start":{"line":746,"column":8},"end":{"line":750,"column":9}},"342":{"start":{"line":747,"column":10},"end":{"line":749,"column":11}},"343":{"start":{"line":748,"column":12},"end":{"line":748,"column":41}},"344":{"start":{"line":753,"column":8},"end":{"line":753,"column":47}},"345":{"start":{"line":758,"column":4},"end":{"line":764,"column":5}},"346":{"start":{"line":759,"column":22},"end":{"line":759,"column":72}},"347":{"start":{"line":759,"column":54},"end":{"line":759,"column":71}},"348":{"start":{"line":760,"column":6},"end":{"line":763,"column":8}},"349":{"start":{"line":767,"column":4},"end":{"line":767,"column":43}},"350":{"start":{"line":770,"column":2},"end":{"line":770,"column":33}},"351":{"start":{"line":774,"column":0},"end":{"line":774,"column":39}}},"fnMap":{"0":{"name":"sendmail","decl":{"start":{"line":59,"column":15},"end":{"line":59,"column":23}},"loc":{"start":{"line":59,"column":52},"end":{"line":74,"column":1}},"line":59},"1":{"name":"(anonymous_1)","decl":{"start":{"line":68,"column":36},"end":{"line":68,"column":37}},"loc":{"start":{"line":68,"column":59},"end":{"line":73,"column":3}},"line":68},"2":{"name":"embedTweet","decl":{"start":{"line":77,"column":15},"end":{"line":77,"column":25}},"loc":{"start":{"line":77,"column":30},"end":{"line":80,"column":1}},"line":77},"3":{"name":"getauthor","decl":{"start":{"line":83,"column":15},"end":{"line":83,"column":24}},"loc":{"start":{"line":83,"column":36},"end":{"line":92,"column":1}},"line":83},"4":{"name":"getGeo","decl":{"start":{"line":95,"column":15},"end":{"line":95,"column":21}},"loc":{"start":{"line":95,"column":32},"end":{"line":105,"column":1}},"line":95},"5":{"name":"find_medium","decl":{"start":{"line":108,"column":9},"end":{"line":108,"column":20}},"loc":{"start":{"line":108,"column":34},"end":{"line":119,"column":1}},"line":108},"6":{"name":"sentiment_analyze","decl":{"start":{"line":122,"column":15},"end":{"line":122,"column":32}},"loc":{"start":{"line":122,"column":44},"end":{"line":158,"column":1}},"line":122},"7":{"name":"delete_rules","decl":{"start":{"line":161,"column":15},"end":{"line":161,"column":27}},"loc":{"start":{"line":161,"column":30},"end":{"line":180,"column":1}},"line":161},"8":{"name":"getPlace","decl":{"start":{"line":183,"column":15},"end":{"line":183,"column":23}},"loc":{"start":{"line":183,"column":31},"end":{"line":202,"column":1}},"line":183},"9":{"name":"(anonymous_9)","decl":{"start":{"line":186,"column":21},"end":{"line":186,"column":22}},"loc":{"start":{"line":186,"column":42},"end":{"line":201,"column":3}},"line":186},"10":{"name":"(anonymous_10)","decl":{"start":{"line":187,"column":29},"end":{"line":187,"column":30}},"loc":{"start":{"line":187,"column":36},"end":{"line":197,"column":5}},"line":187},"11":{"name":"(anonymous_11)","decl":{"start":{"line":206,"column":24},"end":{"line":206,"column":25}},"loc":{"start":{"line":206,"column":44},"end":{"line":285,"column":1}},"line":206},"12":{"name":"(anonymous_12)","decl":{"start":{"line":264,"column":26},"end":{"line":264,"column":27}},"loc":{"start":{"line":264,"column":39},"end":{"line":264,"column":68}},"line":264},"13":{"name":"(anonymous_13)","decl":{"start":{"line":288,"column":23},"end":{"line":288,"column":24}},"loc":{"start":{"line":288,"column":37},"end":{"line":325,"column":1}},"line":288},"14":{"name":"(anonymous_14)","decl":{"start":{"line":296,"column":105},"end":{"line":296,"column":106}},"loc":{"start":{"line":296,"column":128},"end":{"line":320,"column":5}},"line":296},"15":{"name":"(anonymous_15)","decl":{"start":{"line":328,"column":26},"end":{"line":328,"column":27}},"loc":{"start":{"line":328,"column":46},"end":{"line":463,"column":1}},"line":328},"16":{"name":"(anonymous_16)","decl":{"start":{"line":467,"column":27},"end":{"line":467,"column":28}},"loc":{"start":{"line":467,"column":47},"end":{"line":469,"column":1}},"line":467},"17":{"name":"(anonymous_17)","decl":{"start":{"line":472,"column":26},"end":{"line":472,"column":27}},"loc":{"start":{"line":472,"column":46},"end":{"line":602,"column":1}},"line":472},"18":{"name":"(anonymous_18)","decl":{"start":{"line":505,"column":6},"end":{"line":505,"column":7}},"loc":{"start":{"line":505,"column":13},"end":{"line":505,"column":50}},"line":505},"19":{"name":"(anonymous_19)","decl":{"start":{"line":511,"column":6},"end":{"line":511,"column":7}},"loc":{"start":{"line":511,"column":12},"end":{"line":511,"column":54}},"line":511},"20":{"name":"(anonymous_20)","decl":{"start":{"line":517,"column":6},"end":{"line":517,"column":7}},"loc":{"start":{"line":517,"column":12},"end":{"line":517,"column":59}},"line":517},"21":{"name":"(anonymous_21)","decl":{"start":{"line":524,"column":6},"end":{"line":524,"column":7}},"loc":{"start":{"line":524,"column":25},"end":{"line":584,"column":7}},"line":524},"22":{"name":"(anonymous_22)","decl":{"start":{"line":533,"column":53},"end":{"line":533,"column":54}},"loc":{"start":{"line":533,"column":61},"end":{"line":533,"column":79}},"line":533},"23":{"name":"(anonymous_23)","decl":{"start":{"line":598,"column":22},"end":{"line":598,"column":23}},"loc":{"start":{"line":598,"column":34},"end":{"line":600,"column":3}},"line":598},"24":{"name":"(anonymous_24)","decl":{"start":{"line":605,"column":26},"end":{"line":605,"column":27}},"loc":{"start":{"line":605,"column":46},"end":{"line":670,"column":1}},"line":605},"25":{"name":"(anonymous_25)","decl":{"start":{"line":673,"column":34},"end":{"line":673,"column":35}},"loc":{"start":{"line":673,"column":54},"end":{"line":772,"column":1}},"line":673},"26":{"name":"(anonymous_26)","decl":{"start":{"line":728,"column":27},"end":{"line":728,"column":28}},"loc":{"start":{"line":728,"column":40},"end":{"line":728,"column":55}},"line":728},"27":{"name":"(anonymous_27)","decl":{"start":{"line":729,"column":23},"end":{"line":729,"column":24}},"loc":{"start":{"line":729,"column":36},"end":{"line":729,"column":62}},"line":729},"28":{"name":"(anonymous_28)","decl":{"start":{"line":743,"column":51},"end":{"line":743,"column":52}},"loc":{"start":{"line":743,"column":59},"end":{"line":743,"column":85}},"line":743},"29":{"name":"(anonymous_29)","decl":{"start":{"line":759,"column":46},"end":{"line":759,"column":47}},"loc":{"start":{"line":759,"column":54},"end":{"line":759,"column":71}},"line":759}},"branchMap":{"0":{"loc":{"start":{"line":69,"column":4},"end":{"line":71,"column":5}},"type":"if","locations":[{"start":{"line":69,"column":4},"end":{"line":71,"column":5}},{"start":{},"end":{}}],"line":69},"1":{"loc":{"start":{"line":188,"column":6},"end":{"line":190,"column":7}},"type":"if","locations":[{"start":{"line":188,"column":6},"end":{"line":190,"column":7}},{"start":{},"end":{}}],"line":188},"2":{"loc":{"start":{"line":192,"column":6},"end":{"line":196,"column":7}},"type":"if","locations":[{"start":{"line":192,"column":6},"end":{"line":196,"column":7}},{"start":{"line":194,"column":13},"end":{"line":196,"column":7}}],"line":192},"3":{"loc":{"start":{"line":211,"column":4},"end":{"line":214,"column":5}},"type":"if","locations":[{"start":{"line":211,"column":4},"end":{"line":214,"column":5}},{"start":{},"end":{}}],"line":211},"4":{"loc":{"start":{"line":220,"column":16},"end":{"line":220,"column":75}},"type":"cond-expr","locations":[{"start":{"line":220,"column":51},"end":{"line":220,"column":53}},{"start":{"line":220,"column":56},"end":{"line":220,"column":75}}],"line":220},"5":{"loc":{"start":{"line":222,"column":2},"end":{"line":227,"column":3}},"type":"if","locations":[{"start":{"line":222,"column":2},"end":{"line":227,"column":3}},{"start":{"line":225,"column":7},"end":{"line":227,"column":3}}],"line":222},"6":{"loc":{"start":{"line":225,"column":7},"end":{"line":227,"column":3}},"type":"if","locations":[{"start":{"line":225,"column":7},"end":{"line":227,"column":3}},{"start":{},"end":{}}],"line":225},"7":{"loc":{"start":{"line":233,"column":4},"end":{"line":236,"column":5}},"type":"if","locations":[{"start":{"line":233,"column":4},"end":{"line":236,"column":5}},{"start":{},"end":{}}],"line":233},"8":{"loc":{"start":{"line":251,"column":6},"end":{"line":253,"column":7}},"type":"if","locations":[{"start":{"line":251,"column":6},"end":{"line":253,"column":7}},{"start":{},"end":{}}],"line":251},"9":{"loc":{"start":{"line":265,"column":6},"end":{"line":278,"column":7}},"type":"if","locations":[{"start":{"line":265,"column":6},"end":{"line":278,"column":7}},{"start":{"line":272,"column":11},"end":{"line":278,"column":7}}],"line":265},"10":{"loc":{"start":{"line":274,"column":10},"end":{"line":276,"column":11}},"type":"if","locations":[{"start":{"line":274,"column":10},"end":{"line":276,"column":11}},{"start":{},"end":{}}],"line":274},"11":{"loc":{"start":{"line":293,"column":17},"end":{"line":293,"column":88}},"type":"cond-expr","locations":[{"start":{"line":293,"column":49},"end":{"line":293,"column":56}},{"start":{"line":293,"column":59},"end":{"line":293,"column":88}}],"line":293},"12":{"loc":{"start":{"line":298,"column":6},"end":{"line":301,"column":7}},"type":"if","locations":[{"start":{"line":298,"column":6},"end":{"line":301,"column":7}},{"start":{},"end":{}}],"line":298},"13":{"loc":{"start":{"line":304,"column":8},"end":{"line":314,"column":9}},"type":"if","locations":[{"start":{"line":304,"column":8},"end":{"line":314,"column":9}},{"start":{"line":309,"column":13},"end":{"line":314,"column":9}}],"line":304},"14":{"loc":{"start":{"line":331,"column":16},"end":{"line":331,"column":75}},"type":"cond-expr","locations":[{"start":{"line":331,"column":51},"end":{"line":331,"column":53}},{"start":{"line":331,"column":56},"end":{"line":331,"column":75}}],"line":331},"15":{"loc":{"start":{"line":333,"column":2},"end":{"line":338,"column":3}},"type":"if","locations":[{"start":{"line":333,"column":2},"end":{"line":338,"column":3}},{"start":{"line":336,"column":7},"end":{"line":338,"column":3}}],"line":333},"16":{"loc":{"start":{"line":336,"column":7},"end":{"line":338,"column":3}},"type":"if","locations":[{"start":{"line":336,"column":7},"end":{"line":338,"column":3}},{"start":{},"end":{}}],"line":336},"17":{"loc":{"start":{"line":341,"column":19},"end":{"line":341,"column":91}},"type":"cond-expr","locations":[{"start":{"line":341,"column":55},"end":{"line":341,"column":57}},{"start":{"line":341,"column":60},"end":{"line":341,"column":91}}],"line":341},"18":{"loc":{"start":{"line":343,"column":2},"end":{"line":346,"column":3}},"type":"if","locations":[{"start":{"line":343,"column":2},"end":{"line":346,"column":3}},{"start":{},"end":{}}],"line":343},"19":{"loc":{"start":{"line":348,"column":17},"end":{"line":348,"column":79}},"type":"cond-expr","locations":[{"start":{"line":348,"column":51},"end":{"line":348,"column":58}},{"start":{"line":348,"column":61},"end":{"line":348,"column":79}}],"line":348},"20":{"loc":{"start":{"line":349,"column":19},"end":{"line":349,"column":81}},"type":"cond-expr","locations":[{"start":{"line":349,"column":53},"end":{"line":349,"column":60}},{"start":{"line":349,"column":63},"end":{"line":349,"column":81}}],"line":349},"21":{"loc":{"start":{"line":352,"column":2},"end":{"line":357,"column":3}},"type":"if","locations":[{"start":{"line":352,"column":2},"end":{"line":357,"column":3}},{"start":{"line":355,"column":7},"end":{"line":357,"column":3}}],"line":352},"22":{"loc":{"start":{"line":355,"column":7},"end":{"line":357,"column":3}},"type":"if","locations":[{"start":{"line":355,"column":7},"end":{"line":357,"column":3}},{"start":{},"end":{}}],"line":355},"23":{"loc":{"start":{"line":359,"column":2},"end":{"line":362,"column":3}},"type":"if","locations":[{"start":{"line":359,"column":2},"end":{"line":362,"column":3}},{"start":{},"end":{}}],"line":359},"24":{"loc":{"start":{"line":364,"column":2},"end":{"line":365,"column":44}},"type":"if","locations":[{"start":{"line":364,"column":2},"end":{"line":365,"column":44}},{"start":{},"end":{}}],"line":364},"25":{"loc":{"start":{"line":367,"column":2},"end":{"line":368,"column":34}},"type":"if","locations":[{"start":{"line":367,"column":2},"end":{"line":368,"column":34}},{"start":{},"end":{}}],"line":367},"26":{"loc":{"start":{"line":377,"column":4},"end":{"line":380,"column":5}},"type":"if","locations":[{"start":{"line":377,"column":4},"end":{"line":380,"column":5}},{"start":{},"end":{}}],"line":377},"27":{"loc":{"start":{"line":382,"column":4},"end":{"line":385,"column":5}},"type":"if","locations":[{"start":{"line":382,"column":4},"end":{"line":385,"column":5}},{"start":{},"end":{}}],"line":382},"28":{"loc":{"start":{"line":395,"column":2},"end":{"line":462,"column":3}},"type":"if","locations":[{"start":{"line":395,"column":2},"end":{"line":462,"column":3}},{"start":{"line":460,"column":7},"end":{"line":462,"column":3}}],"line":395},"29":{"loc":{"start":{"line":407,"column":4},"end":{"line":444,"column":5}},"type":"if","locations":[{"start":{"line":407,"column":4},"end":{"line":444,"column":5}},{"start":{"line":442,"column":9},"end":{"line":444,"column":5}}],"line":407},"30":{"loc":{"start":{"line":413,"column":10},"end":{"line":416,"column":11}},"type":"if","locations":[{"start":{"line":413,"column":10},"end":{"line":416,"column":11}},{"start":{},"end":{}}],"line":413},"31":{"loc":{"start":{"line":418,"column":10},"end":{"line":425,"column":11}},"type":"if","locations":[{"start":{"line":418,"column":10},"end":{"line":425,"column":11}},{"start":{},"end":{}}],"line":418},"32":{"loc":{"start":{"line":448,"column":4},"end":{"line":453,"column":5}},"type":"if","locations":[{"start":{"line":448,"column":4},"end":{"line":453,"column":5}},{"start":{},"end":{}}],"line":448},"33":{"loc":{"start":{"line":528,"column":8},"end":{"line":583,"column":9}},"type":"if","locations":[{"start":{"line":528,"column":8},"end":{"line":583,"column":9}},{"start":{},"end":{}}],"line":528},"34":{"loc":{"start":{"line":536,"column":10},"end":{"line":582,"column":11}},"type":"if","locations":[{"start":{"line":536,"column":10},"end":{"line":582,"column":11}},{"start":{"line":546,"column":15},"end":{"line":582,"column":11}}],"line":536},"35":{"loc":{"start":{"line":557,"column":12},"end":{"line":581,"column":13}},"type":"if","locations":[{"start":{"line":557,"column":12},"end":{"line":581,"column":13}},{"start":{},"end":{}}],"line":557},"36":{"loc":{"start":{"line":561,"column":16},"end":{"line":566,"column":17}},"type":"if","locations":[{"start":{"line":561,"column":16},"end":{"line":566,"column":17}},{"start":{},"end":{}}],"line":561},"37":{"loc":{"start":{"line":561,"column":20},"end":{"line":562,"column":81}},"type":"binary-expr","locations":[{"start":{"line":561,"column":21},"end":{"line":561,"column":82}},{"start":{"line":562,"column":19},"end":{"line":562,"column":80}}],"line":561},"38":{"loc":{"start":{"line":568,"column":14},"end":{"line":580,"column":15}},"type":"if","locations":[{"start":{"line":568,"column":14},"end":{"line":580,"column":15}},{"start":{},"end":{}}],"line":568},"39":{"loc":{"start":{"line":611,"column":4},"end":{"line":616,"column":5}},"type":"if","locations":[{"start":{"line":611,"column":4},"end":{"line":616,"column":5}},{"start":{"line":614,"column":9},"end":{"line":616,"column":5}}],"line":611},"40":{"loc":{"start":{"line":624,"column":8},"end":{"line":636,"column":9}},"type":"if","locations":[{"start":{"line":624,"column":8},"end":{"line":636,"column":9}},{"start":{},"end":{}}],"line":624},"41":{"loc":{"start":{"line":626,"column":12},"end":{"line":634,"column":13}},"type":"if","locations":[{"start":{"line":626,"column":12},"end":{"line":634,"column":13}},{"start":{},"end":{}}],"line":626},"42":{"loc":{"start":{"line":656,"column":4},"end":{"line":663,"column":5}},"type":"if","locations":[{"start":{"line":656,"column":4},"end":{"line":663,"column":5}},{"start":{},"end":{}}],"line":656},"43":{"loc":{"start":{"line":685,"column":4},"end":{"line":687,"column":5}},"type":"if","locations":[{"start":{"line":685,"column":4},"end":{"line":687,"column":5}},{"start":{},"end":{}}],"line":685},"44":{"loc":{"start":{"line":693,"column":4},"end":{"line":696,"column":5}},"type":"if","locations":[{"start":{"line":693,"column":4},"end":{"line":696,"column":5}},{"start":{},"end":{}}],"line":693},"45":{"loc":{"start":{"line":706,"column":4},"end":{"line":709,"column":5}},"type":"if","locations":[{"start":{"line":706,"column":4},"end":{"line":709,"column":5}},{"start":{},"end":{}}],"line":706},"46":{"loc":{"start":{"line":713,"column":6},"end":{"line":715,"column":7}},"type":"if","locations":[{"start":{"line":713,"column":6},"end":{"line":715,"column":7}},{"start":{},"end":{}}],"line":713},"47":{"loc":{"start":{"line":721,"column":4},"end":{"line":724,"column":5}},"type":"if","locations":[{"start":{"line":721,"column":4},"end":{"line":724,"column":5}},{"start":{},"end":{}}],"line":721},"48":{"loc":{"start":{"line":731,"column":6},"end":{"line":754,"column":7}},"type":"if","locations":[{"start":{"line":731,"column":6},"end":{"line":754,"column":7}},{"start":{"line":752,"column":11},"end":{"line":754,"column":7}}],"line":731},"49":{"loc":{"start":{"line":732,"column":8},"end":{"line":742,"column":9}},"type":"if","locations":[{"start":{"line":732,"column":8},"end":{"line":742,"column":9}},{"start":{"line":740,"column":13},"end":{"line":742,"column":9}}],"line":732},"50":{"loc":{"start":{"line":733,"column":10},"end":{"line":738,"column":11}},"type":"if","locations":[{"start":{"line":733,"column":10},"end":{"line":738,"column":11}},{"start":{},"end":{}}],"line":733},"51":{"loc":{"start":{"line":746,"column":8},"end":{"line":750,"column":9}},"type":"if","locations":[{"start":{"line":746,"column":8},"end":{"line":750,"column":9}},{"start":{},"end":{}}],"line":746},"52":{"loc":{"start":{"line":747,"column":10},"end":{"line":749,"column":11}},"type":"if","locations":[{"start":{"line":747,"column":10},"end":{"line":749,"column":11}},{"start":{},"end":{}}],"line":747}},"s":{"0":1,"1":1,"2":1,"3":1,"4":1,"5":1,"6":1,"7":1,"8":1,"9":1,"10":1,"11":1,"12":1,"13":1,"14":1,"15":1,"16":1,"17":1,"18":1,"19":1,"20":1,"21":1,"22":1,"23":1,"24":1,"25":1,"26":0,"27":0,"28":0,"29":0,"30":0,"31":0,"32":0,"33":0,"34":0,"35":0,"36":0,"37":0,"38":1,"39":1,"40":1,"41":0,"42":1,"43":30,"44":30,"45":30,"46":120,"47":120,"48":30,"49":30,"50":30,"51":20,"52":20,"53":20,"54":20,"55":20,"56":20,"57":20,"58":20,"59":20,"60":0,"61":20,"62":0,"63":0,"64":0,"65":0,"66":0,"67":0,"68":0,"69":0,"70":0,"71":0,"72":0,"73":0,"74":0,"75":0,"76":0,"77":0,"78":0,"79":0,"80":1,"81":1,"82":1,"83":1,"84":1,"85":0,"86":0,"87":0,"88":1,"89":1,"90":0,"91":1,"92":0,"93":1,"94":1,"95":1,"96":1,"97":0,"98":0,"99":0,"100":1,"101":1,"102":1,"103":1,"104":2,"105":2,"106":2,"107":0,"108":2,"109":2,"110":2,"111":1,"112":2,"113":2,"114":0,"115":0,"116":0,"117":0,"118":1,"119":1,"120":1,"121":1,"122":1,"123":1,"124":1,"125":1,"126":0,"127":0,"128":1,"129":30,"130":0,"131":0,"132":0,"133":30,"134":30,"135":30,"136":30,"137":30,"138":30,"139":1,"140":1,"141":0,"142":1,"143":7,"144":7,"145":7,"146":0,"147":7,"148":0,"149":7,"150":7,"151":7,"152":0,"153":0,"154":7,"155":7,"156":7,"157":1,"158":6,"159":0,"160":7,"161":7,"162":1,"163":7,"164":0,"165":7,"166":0,"167":7,"168":7,"169":7,"170":6,"171":0,"172":0,"173":6,"174":0,"175":0,"176":1,"177":1,"178":6,"179":6,"180":6,"181":6,"182":6,"183":6,"184":6,"185":6,"186":6,"187":6,"188":6,"189":6,"190":107,"191":107,"192":107,"193":1,"194":107,"195":20,"196":20,"197":20,"198":20,"199":20,"200":107,"201":0,"202":0,"203":0,"204":6,"205":6,"206":4,"207":4,"208":4,"209":4,"210":6,"211":6,"212":6,"213":6,"214":0,"215":1,"216":0,"217":0,"218":0,"219":0,"220":1,"221":0,"222":0,"223":0,"224":0,"225":0,"226":0,"227":0,"228":0,"229":0,"230":0,"231":0,"232":0,"233":0,"234":0,"235":0,"236":0,"237":0,"238":0,"239":0,"240":0,"241":0,"242":0,"243":0,"244":0,"245":0,"246":0,"247":0,"248":0,"249":0,"250":0,"251":0,"252":0,"253":0,"254":0,"255":0,"256":0,"257":0,"258":0,"259":0,"260":0,"261":0,"262":0,"263":0,"264":0,"265":0,"266":0,"267":0,"268":1,"269":1,"270":1,"271":1,"272":1,"273":0,"274":1,"275":1,"276":1,"277":1,"278":1,"279":3,"280":3,"281":3,"282":9,"283":3,"284":3,"285":0,"286":0,"287":0,"288":0,"289":1,"290":1,"291":1,"292":1,"293":1,"294":1,"295":1,"296":1,"297":3,"298":1,"299":1,"300":1,"301":1,"302":1,"303":1,"304":1,"305":1,"306":1,"307":1,"308":0,"309":1,"310":1,"311":0,"312":0,"313":0,"314":0,"315":0,"316":0,"317":0,"318":0,"319":0,"320":0,"321":0,"322":0,"323":0,"324":0,"325":0,"326":0,"327":0,"328":0,"329":0,"330":0,"331":0,"332":0,"333":0,"334":0,"335":0,"336":0,"337":0,"338":0,"339":0,"340":0,"341":0,"342":0,"343":0,"344":0,"345":0,"346":0,"347":0,"348":0,"349":1,"350":1,"351":1},"f":{"0":0,"1":0,"2":0,"3":0,"4":1,"5":30,"6":20,"7":0,"8":0,"9":0,"10":0,"11":1,"12":1,"13":1,"14":1,"15":7,"16":0,"17":0,"18":0,"19":0,"20":0,"21":0,"22":0,"23":0,"24":1,"25":1,"26":0,"27":0,"28":0,"29":0},"b":{"0":[0,0],"1":[0,0],"2":[0,0],"3":[0,1],"4":[1,0],"5":[0,1],"6":[0,1],"7":[0,1],"8":[0,2],"9":[2,0],"10":[0,0],"11":[0,1],"12":[0,1],"13":[0,30],"14":[4,3],"15":[0,7],"16":[0,7],"17":[6,1],"18":[0,7],"19":[6,1],"20":[7,0],"21":[1,6],"22":[0,6],"23":[7,0],"24":[0,7],"25":[0,7],"26":[0,6],"27":[0,6],"28":[6,0],"29":[6,0],"30":[1,106],"31":[20,87],"32":[4,2],"33":[0,0],"34":[0,0],"35":[0,0],"36":[0,0],"37":[0,0],"38":[0,0],"39":[0,1],"40":[3,0],"41":[3,6],"42":[1,0],"43":[0,1],"44":[0,0],"45":[0,0],"46":[0,0],"47":[0,0],"48":[0,0],"49":[0,0],"50":[0,0],"51":[0,0],"52":[0,0]},"_coverageSchema":"1a1c01bbd47fc00a2c39e90264f33305004495a9","hash":"8641ff669759ce8ae866aa0c5c22f1810fbb06c3"}
}
