TN:
SF:server.js
FN:59,sendmail
FN:68,(anonymous_1)
FN:77,embedTweet
FN:83,getauthor
FN:95,getGeo
FN:108,find_medium
FN:122,sentiment_analyze
FN:161,delete_rules
FN:183,getPlace
FN:186,(anonymous_9)
FN:187,(anonymous_10)
FN:206,(anonymous_11)
FN:264,(anonymous_12)
FN:288,(anonymous_13)
FN:296,(anonymous_14)
FN:328,(anonymous_15)
FN:467,(anonymous_16)
FN:472,(anonymous_17)
FN:505,(anonymous_18)
FN:511,(anonymous_19)
FN:517,(anonymous_20)
FN:524,(anonymous_21)
FN:533,(anonymous_22)
FN:598,(anonymous_23)
FN:605,(anonymous_24)
FN:673,(anonymous_25)
FN:728,(anonymous_26)
FN:729,(anonymous_27)
FN:743,(anonymous_28)
FN:759,(anonymous_29)
FNF:30
FNH:10
FNDA:0,sendmail
FNDA:0,(anonymous_1)
FNDA:0,embedTweet
FNDA:0,getauthor
FNDA:1,getGeo
FNDA:30,find_medium
FNDA:20,sentiment_analyze
FNDA:0,delete_rules
FNDA:0,getPlace
FNDA:0,(anonymous_9)
FNDA:0,(anonymous_10)
FNDA:1,(anonymous_11)
FNDA:1,(anonymous_12)
FNDA:1,(anonymous_13)
FNDA:1,(anonymous_14)
FNDA:7,(anonymous_15)
FNDA:0,(anonymous_16)
FNDA:0,(anonymous_17)
FNDA:0,(anonymous_18)
FNDA:0,(anonymous_19)
FNDA:0,(anonymous_20)
FNDA:0,(anonymous_21)
FNDA:0,(anonymous_22)
FNDA:0,(anonymous_23)
FNDA:1,(anonymous_24)
FNDA:1,(anonymous_25)
FNDA:0,(anonymous_26)
FNDA:0,(anonymous_27)
FNDA:0,(anonymous_28)
FNDA:0,(anonymous_29)
DA:2,1
DA:4,1
DA:5,1
DA:6,1
DA:9,1
DA:11,1
DA:13,1
DA:15,1
DA:17,1
DA:19,1
DA:21,1
DA:23,1
DA:25,1
DA:26,1
DA:28,1
DA:29,1
DA:32,1
DA:34,1
DA:35,1
DA:38,1
DA:40,1
DA:49,1
DA:50,1
DA:52,1
DA:53,1
DA:55,1
DA:60,0
DA:68,0
DA:69,0
DA:70,0
DA:72,0
DA:78,0
DA:79,0
DA:84,0
DA:85,0
DA:86,0
DA:89,0
DA:91,0
DA:96,1
DA:97,1
DA:98,1
DA:101,0
DA:104,1
DA:109,30
DA:110,30
DA:111,30
DA:112,120
DA:113,120
DA:115,30
DA:116,30
DA:118,30
DA:123,20
DA:124,20
DA:126,20
DA:127,20
DA:128,20
DA:129,20
DA:132,20
DA:133,20
DA:136,20
DA:148,0
DA:157,20
DA:162,0
DA:163,0
DA:164,0
DA:165,0
DA:167,0
DA:168,0
DA:171,0
DA:178,0
DA:184,0
DA:186,0
DA:187,0
DA:188,0
DA:189,0
DA:192,0
DA:193,0
DA:195,0
DA:199,0
DA:200,0
DA:206,1
DA:207,1
DA:209,1
DA:210,1
DA:211,1
DA:212,0
DA:213,0
DA:217,0
DA:220,1
DA:222,1
DA:223,0
DA:225,1
DA:226,0
DA:229,1
DA:231,1
DA:232,1
DA:233,1
DA:234,0
DA:235,0
DA:239,0
DA:242,1
DA:243,1
DA:244,1
DA:246,1
DA:248,2
DA:249,2
DA:251,2
DA:252,0
DA:255,2
DA:262,2
DA:264,2
DA:265,2
DA:266,2
DA:273,0
DA:274,0
DA:275,0
DA:281,0
DA:284,1
DA:288,1
DA:289,1
DA:291,1
DA:293,1
DA:294,1
DA:296,1
DA:298,1
DA:299,0
DA:300,0
DA:303,1
DA:304,30
DA:305,0
DA:306,0
DA:307,0
DA:310,30
DA:311,30
DA:312,30
DA:313,30
DA:315,30
DA:316,30
DA:318,1
DA:319,1
DA:323,0
DA:328,1
DA:329,7
DA:331,7
DA:333,7
DA:334,0
DA:336,7
DA:337,0
DA:340,7
DA:341,7
DA:343,7
DA:344,0
DA:345,0
DA:348,7
DA:349,7
DA:352,7
DA:353,1
DA:355,6
DA:356,0
DA:359,7
DA:360,7
DA:361,1
DA:364,7
DA:365,0
DA:367,7
DA:368,0
DA:371,7
DA:373,7
DA:375,7
DA:377,6
DA:378,0
DA:379,0
DA:382,6
DA:383,0
DA:384,0
DA:389,1
DA:390,1
DA:394,6
DA:395,6
DA:397,6
DA:399,6
DA:400,6
DA:401,6
DA:402,6
DA:403,6
DA:404,6
DA:405,6
DA:407,6
DA:408,6
DA:410,107
DA:411,107
DA:413,107
DA:415,1
DA:418,107
DA:420,20
DA:421,20
DA:422,20
DA:423,20
DA:424,20
DA:426,107
DA:437,0
DA:438,0
DA:443,0
DA:447,6
DA:448,6
DA:449,4
DA:450,4
DA:451,4
DA:452,4
DA:455,6
DA:456,6
DA:457,6
DA:458,6
DA:461,0
DA:467,1
DA:468,0
DA:472,1
DA:474,0
DA:475,0
DA:478,0
DA:481,0
DA:485,0
DA:498,0
DA:502,0
DA:505,0
DA:508,0
DA:511,0
DA:514,0
DA:517,0
DA:520,0
DA:521,0
DA:526,0
DA:528,0
DA:530,0
DA:531,0
DA:532,0
DA:533,0
DA:536,0
DA:537,0
DA:544,0
DA:547,0
DA:555,0
DA:557,0
DA:558,0
DA:559,0
DA:561,0
DA:563,0
DA:565,0
DA:568,0
DA:570,0
DA:572,0
DA:573,0
DA:577,0
DA:578,0
DA:579,0
DA:588,0
DA:591,0
DA:592,0
DA:595,0
DA:596,0
DA:598,0
DA:599,0
DA:605,1
DA:606,1
DA:607,1
DA:608,1
DA:611,1
DA:612,0
DA:615,1
DA:619,1
DA:620,1
DA:621,1
DA:622,1
DA:623,3
DA:624,3
DA:625,3
DA:626,9
DA:627,3
DA:628,3
DA:639,0
DA:644,0
DA:645,0
DA:646,0
DA:650,1
DA:651,1
DA:653,1
DA:654,1
DA:656,1
DA:658,1
DA:660,1
DA:661,3
DA:669,1
DA:673,1
DA:674,1
DA:675,1
DA:676,1
DA:677,1
DA:679,1
DA:681,1
DA:682,1
DA:685,1
DA:686,0
DA:689,1
DA:691,1
DA:692,0
DA:693,0
DA:694,0
DA:695,0
DA:698,0
DA:704,0
DA:706,0
DA:707,0
DA:708,0
DA:711,0
DA:712,0
DA:713,0
DA:714,0
DA:719,0
DA:721,0
DA:722,0
DA:723,0
DA:726,0
DA:727,0
DA:728,0
DA:729,0
DA:731,0
DA:732,0
DA:733,0
DA:734,0
DA:741,0
DA:743,0
DA:746,0
DA:747,0
DA:748,0
DA:753,0
DA:758,0
DA:759,0
DA:760,0
DA:767,1
DA:770,1
DA:774,1
LF:341
LH:189
BRDA:69,0,0,0
BRDA:69,0,1,0
BRDA:188,1,0,0
BRDA:188,1,1,0
BRDA:192,2,0,0
BRDA:192,2,1,0
BRDA:211,3,0,0
BRDA:211,3,1,1
BRDA:220,4,0,1
BRDA:220,4,1,0
BRDA:222,5,0,0
BRDA:222,5,1,1
BRDA:225,6,0,0
BRDA:225,6,1,1
BRDA:233,7,0,0
BRDA:233,7,1,1
BRDA:251,8,0,0
BRDA:251,8,1,2
BRDA:265,9,0,2
BRDA:265,9,1,0
BRDA:274,10,0,0
BRDA:274,10,1,0
BRDA:293,11,0,0
BRDA:293,11,1,1
BRDA:298,12,0,0
BRDA:298,12,1,1
BRDA:304,13,0,0
BRDA:304,13,1,30
BRDA:331,14,0,4
BRDA:331,14,1,3
BRDA:333,15,0,0
BRDA:333,15,1,7
BRDA:336,16,0,0
BRDA:336,16,1,7
BRDA:341,17,0,6
BRDA:341,17,1,1
BRDA:343,18,0,0
BRDA:343,18,1,7
BRDA:348,19,0,6
BRDA:348,19,1,1
BRDA:349,20,0,7
BRDA:349,20,1,0
BRDA:352,21,0,1
BRDA:352,21,1,6
BRDA:355,22,0,0
BRDA:355,22,1,6
BRDA:359,23,0,7
BRDA:359,23,1,0
BRDA:364,24,0,0
BRDA:364,24,1,7
BRDA:367,25,0,0
BRDA:367,25,1,7
BRDA:377,26,0,0
BRDA:377,26,1,6
BRDA:382,27,0,0
BRDA:382,27,1,6
BRDA:395,28,0,6
BRDA:395,28,1,0
BRDA:407,29,0,6
BRDA:407,29,1,0
BRDA:413,30,0,1
BRDA:413,30,1,106
BRDA:418,31,0,20
BRDA:418,31,1,87
BRDA:448,32,0,4
BRDA:448,32,1,2
BRDA:528,33,0,0
BRDA:528,33,1,0
BRDA:536,34,0,0
BRDA:536,34,1,0
BRDA:557,35,0,0
BRDA:557,35,1,0
BRDA:561,36,0,0
BRDA:561,36,1,0
BRDA:561,37,0,0
BRDA:561,37,1,0
BRDA:568,38,0,0
BRDA:568,38,1,0
BRDA:611,39,0,0
BRDA:611,39,1,1
BRDA:624,40,0,3
BRDA:624,40,1,0
BRDA:626,41,0,3
BRDA:626,41,1,6
BRDA:656,42,0,1
BRDA:656,42,1,0
BRDA:685,43,0,0
BRDA:685,43,1,1
BRDA:693,44,0,0
BRDA:693,44,1,0
BRDA:706,45,0,0
BRDA:706,45,1,0
BRDA:713,46,0,0
BRDA:713,46,1,0
BRDA:721,47,0,0
BRDA:721,47,1,0
BRDA:731,48,0,0
BRDA:731,48,1,0
BRDA:732,49,0,0
BRDA:732,49,1,0
BRDA:733,50,0,0
BRDA:733,50,1,0
BRDA:746,51,0,0
BRDA:746,51,1,0
BRDA:747,52,0,0
BRDA:747,52,1,0
BRF:106
BRH:42
end_of_record
